[2026-04-24T19:59:45.195+08:00] evaluate function begin
[2026-04-24T19:59:45.218+08:00] evaluate function end
[2026-04-24T19:59:45.218+08:00] screenshotBase64 begin
[2026-04-24T19:59:45.287+08:00] screenshotBase64 end, cost: 69ms
[2026-04-24T19:59:51.407+08:00] screenshotBase64 begin
[2026-04-24T19:59:51.462+08:00] screenshotBase64 end, cost: 55ms
[2026-04-24T19:59:51.720+08:00] mouse move to 548, 70
[2026-04-24T19:59:51.735+08:00] mouse click 548, 70, left, 1
[2026-04-24T19:59:52.060+08:00] waitForNavigation begin at moment afterInvokeAction with timeout: 5000 and actionName: Tap
[2026-04-24T19:59:52.104+08:00] waitForNavigation end
[2026-04-24T19:59:52.104+08:00] screenshotBase64 begin
[2026-04-24T19:59:52.165+08:00] screenshotBase64 end, cost: 61ms
[2026-04-24T19:59:56.876+08:00] screenshotBase64 begin
[2026-04-24T19:59:56.928+08:00] screenshotBase64 end, cost: 52ms
[2026-04-24T19:59:56.970+08:00] screenshotBase64 begin
[2026-04-24T19:59:57.008+08:00] screenshotBase64 end, cost: 38ms
[2026-04-24T20:00:01.333+08:00] screenshotBase64 begin
[2026-04-24T20:00:01.376+08:00] screenshotBase64 end, cost: 43ms
[2026-04-24T20:00:01.637+08:00] mouse move to 548, 70
[2026-04-24T20:00:01.639+08:00] mouse click 548, 70, left, 1
[2026-04-24T20:00:01.945+08:00] waitForNavigation begin at moment afterInvokeAction with timeout: 5000 and actionName: Tap
[2026-04-24T20:00:01.955+08:00] waitForNavigation end
[2026-04-24T20:00:01.955+08:00] screenshotBase64 begin
[2026-04-24T20:00:02.007+08:00] screenshotBase64 end, cost: 51ms
[2026-04-24T20:00:08.211+08:00] screenshotBase64 begin
[2026-04-24T20:00:08.260+08:00] screenshotBase64 end, cost: 49ms
[2026-04-24T20:00:08.513+08:00] keyboard type Headphones
[2026-04-24T20:00:09.757+08:00] waitForNavigation begin at moment afterInvokeAction with timeout: 5000 and actionName: Input
[2026-04-24T20:00:09.766+08:00] waitForNavigation end
[2026-04-24T20:00:09.766+08:00] screenshotBase64 begin
[2026-04-24T20:00:09.809+08:00] screenshotBase64 end, cost: 43ms
[2026-04-24T20:00:14.984+08:00] screenshotBase64 begin
[2026-04-24T20:00:15.021+08:00] screenshotBase64 end, cost: 37ms
[2026-04-24T20:00:15.265+08:00] keyboard press [ { key: 'Enter' } ]
[2026-04-24T20:00:15.629+08:00] waitForNavigation begin at moment afterInvokeAction with timeout: 5000 and actionName: KeyboardPress
[2026-04-24T20:00:16.222+08:00] waitForNavigation end
[2026-04-24T20:00:16.222+08:00] screenshotBase64 begin
[2026-04-24T20:00:16.564+08:00] screenshotBase64 end, cost: 342ms
[2026-04-24T20:00:22.921+08:00] screenshotBase64 begin
[2026-04-24T20:00:22.971+08:00] screenshotBase64 end, cost: 50ms
[2026-04-24T20:00:23.007+08:00] screenshotBase64 begin
[2026-04-24T20:00:23.056+08:00] screenshotBase64 end, cost: 49ms
[2026-04-24T20:00:26.408+08:00] screenshotBase64 begin
[2026-04-24T20:00:26.455+08:00] screenshotBase64 end, cost: 47ms
[2026-04-24T20:00:29.502+08:00] screenshotBase64 begin
[2026-04-24T20:00:29.554+08:00] screenshotBase64 end, cost: 52ms
[2026-04-24T20:00:34.164+08:00] screenshotBase64 begin
[2026-04-24T20:00:34.203+08:00] screenshotBase64 end, cost: 39ms
[2026-04-24T20:04:49.809+08:00] evaluate function begin
[2026-04-24T20:04:49.813+08:00] evaluate function end
[2026-04-24T20:04:49.813+08:00] screenshotBase64 begin
[2026-04-24T20:04:50.141+08:00] screenshotBase64 end, cost: 328ms
[2026-04-24T20:04:57.509+08:00] screenshotBase64 begin
[2026-04-24T20:04:57.669+08:00] screenshotBase64 end, cost: 160ms
[2026-04-24T20:04:58.078+08:00] mouse move to 627, 71
[2026-04-24T20:04:58.084+08:00] mouse click 627, 71, left, 1
[2026-04-24T20:04:58.405+08:00] waitForNavigation begin at moment afterInvokeAction with timeout: 5000 and actionName: Tap
[2026-04-24T20:04:58.407+08:00] waitForNetworkIdle begin at moment afterInvokeAction with timeout: 2000 and concurrency: 2 and actionName: Tap
[2026-04-24T20:04:58.423+08:00] waitForNavigation end
[2026-04-24T20:05:00.422+08:00] waitForNetworkIdle end
[2026-04-24T20:05:00.422+08:00] screenshotBase64 begin
[2026-04-24T20:05:00.572+08:00] screenshotBase64 end, cost: 150ms
[2026-04-24T20:05:06.587+08:00] screenshotBase64 begin
[2026-04-24T20:05:06.748+08:00] screenshotBase64 end, cost: 161ms
[2026-04-24T20:05:06.913+08:00] screenshotBase64 begin
[2026-04-24T20:05:07.057+08:00] screenshotBase64 end, cost: 144ms
[2026-04-24T20:05:13.964+08:00] screenshotBase64 begin
[2026-04-24T20:05:14.122+08:00] screenshotBase64 end, cost: 158ms
[2026-04-24T20:05:14.522+08:00] clearInput begin
[2026-04-24T20:05:14.522+08:00] mouse move to 627, 71
[2026-04-24T20:05:14.523+08:00] mouse click 627, 71, left, 1
[2026-04-24T20:05:14.644+08:00] keyboard press [ { key: 'Backspace' } ]
[2026-04-24T20:05:14.647+08:00] clearInput end
[2026-04-24T20:05:14.647+08:00] keyboard type Headphones
[2026-04-24T20:05:15.868+08:00] waitForNavigation begin at moment afterInvokeAction with timeout: 5000 and actionName: Input
[2026-04-24T20:05:15.869+08:00] waitForNetworkIdle begin at moment afterInvokeAction with timeout: 2000 and concurrency: 2 and actionName: Input
[2026-04-24T20:05:15.873+08:00] waitForNavigation end
[2026-04-24T20:05:17.217+08:00] waitForNetworkIdle end
[2026-04-24T20:05:17.218+08:00] screenshotBase64 begin
[2026-04-24T20:05:17.339+08:00] screenshotBase64 end, cost: 121ms
[2026-04-24T20:05:24.926+08:00] screenshotBase64 begin
[2026-04-24T20:05:25.053+08:00] screenshotBase64 end, cost: 127ms
[2026-04-24T20:05:25.416+08:00] keyboard press [ { key: 'Enter' } ]
[2026-04-24T20:05:25.752+08:00] waitForNavigation begin at moment afterInvokeAction with timeout: 5000 and actionName: KeyboardPress
[2026-04-24T20:05:25.753+08:00] waitForNetworkIdle begin at moment afterInvokeAction with timeout: 2000 and concurrency: 2 and actionName: KeyboardPress
[2026-04-24T20:05:26.111+08:00] waitForNavigation end
[2026-04-24T20:05:26.611+08:00] waitForNetworkIdle end
[2026-04-24T20:05:26.611+08:00] screenshotBase64 begin
[2026-04-24T20:05:26.693+08:00] screenshotBase64 end, cost: 82ms
[2026-04-24T20:05:35.624+08:00] screenshotBase64 begin
[2026-04-24T20:05:35.737+08:00] screenshotBase64 end, cost: 113ms
[2026-04-24T20:05:38.880+08:00] screenshotBase64 begin
[2026-04-24T20:05:38.989+08:00] screenshotBase64 end, cost: 109ms
[2026-04-24T20:05:44.142+08:00] screenshotBase64 begin
[2026-04-24T20:05:44.252+08:00] screenshotBase64 end, cost: 110ms
[2026-04-24T20:36:56.759+08:00] evaluate function begin
[2026-04-24T20:36:56.762+08:00] evaluate function end
[2026-04-24T20:36:56.762+08:00] screenshotBase64 begin
[2026-04-24T20:36:56.981+08:00] screenshotBase64 end, cost: 219ms
[2026-04-24T20:37:05.327+08:00] screenshotBase64 begin
[2026-04-24T20:37:05.471+08:00] screenshotBase64 end, cost: 144ms
[2026-04-24T20:37:05.834+08:00] clearInput begin
[2026-04-24T20:37:05.834+08:00] mouse move to 627, 71
[2026-04-24T20:37:05.836+08:00] mouse click 627, 71, left, 1
[2026-04-24T20:37:05.959+08:00] keyboard press [ { key: 'Backspace' } ]
[2026-04-24T20:37:05.961+08:00] clearInput end
[2026-04-24T20:37:05.961+08:00] keyboard type Headphones
[2026-04-24T20:37:07.189+08:00] waitForNavigation begin at moment afterInvokeAction with timeout: 5000 and actionName: Input
[2026-04-24T20:37:07.191+08:00] waitForNetworkIdle begin at moment afterInvokeAction with timeout: 2000 and concurrency: 2 and actionName: Input
[2026-04-24T20:37:07.209+08:00] waitForNavigation end
[2026-04-24T20:37:09.207+08:00] waitForNetworkIdle end
[2026-04-24T20:37:09.207+08:00] screenshotBase64 begin
[2026-04-24T20:37:09.331+08:00] screenshotBase64 end, cost: 124ms
[2026-04-24T20:37:16.214+08:00] screenshotBase64 begin
[2026-04-24T20:37:16.360+08:00] screenshotBase64 end, cost: 146ms
[2026-04-24T20:37:16.716+08:00] keyboard press [ { key: 'Enter' } ]
[2026-04-24T20:37:17.101+08:00] waitForNavigation begin at moment afterInvokeAction with timeout: 5000 and actionName: KeyboardPress
[2026-04-24T20:37:17.102+08:00] waitForNetworkIdle begin at moment afterInvokeAction with timeout: 2000 and concurrency: 2 and actionName: KeyboardPress
[2026-04-24T20:37:17.795+08:00] waitForNavigation end
[2026-04-24T20:37:18.603+08:00] waitForNetworkIdle end
[2026-04-24T20:37:18.604+08:00] screenshotBase64 begin
[2026-04-24T20:37:18.723+08:00] screenshotBase64 end, cost: 119ms
[2026-04-24T20:37:26.277+08:00] screenshotBase64 begin
[2026-04-24T20:37:26.389+08:00] screenshotBase64 end, cost: 112ms
[2026-04-24T20:44:39.699+08:00] evaluate function begin
[2026-04-24T20:44:39.711+08:00] evaluate function end
[2026-04-24T20:44:39.711+08:00] screenshotBase64 begin
[2026-04-24T20:44:39.946+08:00] screenshotBase64 end, cost: 235ms
[2026-04-24T20:44:46.112+08:00] screenshotBase64 begin
[2026-04-24T20:44:46.247+08:00] screenshotBase64 end, cost: 135ms
[2026-04-24T20:44:46.634+08:00] clearInput begin
[2026-04-24T20:44:46.634+08:00] mouse move to 629, 71
[2026-04-24T20:44:46.643+08:00] mouse click 629, 71, left, 1
[2026-04-24T20:44:46.764+08:00] keyboard press [ { key: 'Backspace' } ]
[2026-04-24T20:44:46.766+08:00] clearInput end
[2026-04-24T20:44:46.766+08:00] keyboard type Headphones
[2026-04-24T20:44:48.014+08:00] waitForNavigation begin at moment afterInvokeAction with timeout: 5000 and actionName: Input
[2026-04-24T20:44:48.016+08:00] waitForNetworkIdle begin at moment afterInvokeAction with timeout: 2000 and concurrency: 2 and actionName: Input
[2026-04-24T20:44:48.039+08:00] waitForNavigation end
[2026-04-24T20:44:50.016+08:00] waitForNetworkIdle end
[2026-04-24T20:44:50.017+08:00] screenshotBase64 begin
[2026-04-24T20:44:50.135+08:00] screenshotBase64 end, cost: 118ms
[2026-04-24T20:44:56.997+08:00] screenshotBase64 begin
[2026-04-24T20:44:57.135+08:00] screenshotBase64 end, cost: 138ms
[2026-04-24T20:45:23.071+08:00] evaluate function begin
[2026-04-24T20:45:23.074+08:00] evaluate function end
[2026-04-24T20:45:23.074+08:00] screenshotBase64 begin
[2026-04-24T20:45:23.332+08:00] screenshotBase64 end, cost: 258ms
[2026-04-24T20:45:31.090+08:00] screenshotBase64 begin
[2026-04-24T20:45:31.225+08:00] screenshotBase64 end, cost: 135ms
[2026-04-24T20:45:35.714+08:00] screenshotBase64 begin
[2026-04-24T20:45:35.885+08:00] screenshotBase64 end, cost: 171ms
[2026-04-24T20:45:36.243+08:00] clearInput begin
[2026-04-24T20:45:36.244+08:00] mouse move to 627, 71
[2026-04-24T20:45:36.246+08:00] mouse click 627, 71, left, 1
[2026-04-24T20:45:36.371+08:00] keyboard press [ { key: 'Backspace' } ]
[2026-04-24T20:45:36.373+08:00] clearInput end
[2026-04-24T20:45:36.373+08:00] keyboard type Headphones
[2026-04-24T20:45:37.596+08:00] waitForNavigation begin at moment afterInvokeAction with timeout: 5000 and actionName: Input
[2026-04-24T20:45:37.598+08:00] waitForNetworkIdle begin at moment afterInvokeAction with timeout: 2000 and concurrency: 2 and actionName: Input
[2026-04-24T20:45:37.614+08:00] waitForNavigation end
[2026-04-24T20:45:39.441+08:00] waitForNetworkIdle end
[2026-04-24T20:45:39.441+08:00] screenshotBase64 begin
[2026-04-24T20:45:39.570+08:00] screenshotBase64 end, cost: 129ms
[2026-04-24T20:45:45.223+08:00] screenshotBase64 begin
[2026-04-24T20:45:45.330+08:00] screenshotBase64 end, cost: 107ms
[2026-04-24T20:58:36.534+08:00] evaluate function begin
[2026-04-24T20:58:36.537+08:00] evaluate function end
[2026-04-24T20:58:36.537+08:00] screenshotBase64 begin
[2026-04-24T20:58:36.782+08:00] screenshotBase64 end, cost: 245ms
[2026-04-24T21:17:26.949+08:00] evaluate function begin
[2026-04-24T21:17:26.961+08:00] evaluate function end
[2026-04-24T21:17:26.962+08:00] screenshotBase64 begin
[2026-04-24T21:17:27.019+08:00] screenshotBase64 end, cost: 57ms
[2026-04-24T21:17:31.601+08:00] screenshotBase64 begin
[2026-04-24T21:17:31.640+08:00] screenshotBase64 end, cost: 39ms
[2026-04-24T21:17:35.802+08:00] screenshotBase64 begin
[2026-04-24T21:17:35.841+08:00] screenshotBase64 end, cost: 39ms
[2026-04-24T21:17:36.081+08:00] mouse move to 939, 299
[2026-04-24T21:17:36.089+08:00] mouse click 939, 299, left, 1
[2026-04-24T21:17:36.411+08:00] waitForNavigation begin at moment afterInvokeAction with timeout: 5000 and actionName: Tap
[2026-04-24T21:17:36.452+08:00] waitForNavigation end
[2026-04-24T21:17:36.452+08:00] screenshotBase64 begin
[2026-04-24T21:17:36.514+08:00] screenshotBase64 end, cost: 62ms
[2026-04-24T21:17:39.813+08:00] screenshotBase64 begin
[2026-04-24T21:17:39.856+08:00] screenshotBase64 end, cost: 43ms
[2026-04-24T21:17:40.112+08:00] keyboard type testrole
[2026-04-24T21:17:41.179+08:00] waitForNavigation begin at moment afterInvokeAction with timeout: 5000 and actionName: Input
[2026-04-24T21:17:41.187+08:00] waitForNavigation end
[2026-04-24T21:17:41.187+08:00] screenshotBase64 begin
[2026-04-24T21:17:41.231+08:00] screenshotBase64 end, cost: 44ms
[2026-04-24T21:17:44.072+08:00] screenshotBase64 begin
[2026-04-24T21:17:44.124+08:00] screenshotBase64 end, cost: 52ms
[2026-04-24T21:17:47.604+08:00] screenshotBase64 begin
[2026-04-24T21:17:47.645+08:00] screenshotBase64 end, cost: 41ms
[2026-04-24T21:17:47.881+08:00] mouse move to 938, 373
[2026-04-24T21:17:47.883+08:00] mouse click 938, 373, left, 1
[2026-04-24T21:17:48.205+08:00] waitForNavigation begin at moment afterInvokeAction with timeout: 5000 and actionName: Tap
[2026-04-24T21:17:48.214+08:00] waitForNavigation end
[2026-04-24T21:17:48.214+08:00] screenshotBase64 begin
[2026-04-24T21:17:48.267+08:00] screenshotBase64 end, cost: 53ms
[2026-04-24T21:17:51.481+08:00] screenshotBase64 begin
[2026-04-24T21:17:51.524+08:00] screenshotBase64 end, cost: 43ms
[2026-04-24T21:17:51.767+08:00] keyboard type admin123
[2026-04-24T21:17:52.828+08:00] waitForNavigation begin at moment afterInvokeAction with timeout: 5000 and actionName: Input
[2026-04-24T21:17:52.832+08:00] waitForNavigation end
[2026-04-24T21:17:52.833+08:00] screenshotBase64 begin
[2026-04-24T21:17:52.872+08:00] screenshotBase64 end, cost: 39ms
[2026-04-24T21:17:56.769+08:00] screenshotBase64 begin
[2026-04-24T21:17:56.805+08:00] screenshotBase64 end, cost: 36ms
[2026-04-24T21:18:02.147+08:00] screenshotBase64 begin
[2026-04-24T21:18:02.190+08:00] screenshotBase64 end, cost: 43ms
[2026-04-24T21:18:02.446+08:00] mouse move to 939, 480
[2026-04-24T21:18:02.449+08:00] mouse click 939, 480, left, 1
[2026-04-24T21:18:02.772+08:00] waitForNavigation begin at moment afterInvokeAction with timeout: 5000 and actionName: Tap
[2026-04-24T21:18:02.781+08:00] waitForNavigation end
[2026-04-24T21:18:02.781+08:00] screenshotBase64 begin
[2026-04-24T21:18:02.823+08:00] screenshotBase64 end, cost: 42ms
[2026-04-24T21:18:15.190+08:00] screenshotBase64 begin
[2026-04-24T21:18:15.245+08:00] screenshotBase64 end, cost: 55ms
[2026-04-24T21:20:05.214+08:00] screenshotBase64 begin
[2026-04-24T21:20:05.278+08:00] screenshotBase64 end, cost: 64ms
[2026-04-24T21:20:08.923+08:00] screenshotBase64 begin
[2026-04-24T21:20:08.968+08:00] screenshotBase64 end, cost: 45ms
[2026-04-24T21:20:13.965+08:00] screenshotBase64 begin
[2026-04-24T21:20:14.001+08:00] screenshotBase64 end, cost: 36ms
[2026-04-24T21:20:14.238+08:00] clearInput begin
[2026-04-24T21:20:14.238+08:00] mouse move to 939, 299
[2026-04-24T21:20:14.240+08:00] mouse click 939, 299, left, 1
[2026-04-24T21:20:14.364+08:00] keyboard press [ { key: 'Backspace' } ]
[2026-04-24T21:20:14.366+08:00] clearInput end
[2026-04-24T21:20:14.367+08:00] keyboard type testrole
[2026-04-24T21:20:15.423+08:00] waitForNavigation begin at moment afterInvokeAction with timeout: 5000 and actionName: Input
[2026-04-24T21:20:15.429+08:00] waitForNavigation end
[2026-04-24T21:20:15.430+08:00] screenshotBase64 begin
[2026-04-24T21:20:15.473+08:00] screenshotBase64 end, cost: 43ms
[2026-04-24T21:20:21.346+08:00] screenshotBase64 begin
[2026-04-24T21:20:21.395+08:00] screenshotBase64 end, cost: 49ms
[2026-04-24T21:20:26.446+08:00] screenshotBase64 begin
[2026-04-24T21:20:26.501+08:00] screenshotBase64 end, cost: 55ms
[2026-04-24T21:20:26.747+08:00] clearInput begin
[2026-04-24T21:20:26.747+08:00] mouse move to 939, 374
[2026-04-24T21:20:26.749+08:00] mouse click 939, 374, left, 1
[2026-04-24T21:20:26.871+08:00] keyboard press [ { key: 'Backspace' } ]
[2026-04-24T21:20:26.878+08:00] clearInput end
[2026-04-24T21:20:26.878+08:00] keyboard type admin123
[2026-04-24T21:20:27.927+08:00] waitForNavigation begin at moment afterInvokeAction with timeout: 5000 and actionName: Input
[2026-04-24T21:20:27.932+08:00] waitForNavigation end
[2026-04-24T21:20:27.932+08:00] screenshotBase64 begin
[2026-04-24T21:20:27.987+08:00] screenshotBase64 end, cost: 55ms
[2026-04-24T21:20:31.561+08:00] screenshotBase64 begin
[2026-04-24T21:20:31.601+08:00] screenshotBase64 end, cost: 40ms
[2026-04-24T21:20:37.282+08:00] screenshotBase64 begin
[2026-04-24T21:20:37.337+08:00] screenshotBase64 end, cost: 55ms
[2026-04-24T21:20:37.573+08:00] mouse move to 939, 480
[2026-04-24T21:20:37.574+08:00] mouse click 939, 480, left, 1
[2026-04-24T21:20:37.884+08:00] waitForNavigation begin at moment afterInvokeAction with timeout: 5000 and actionName: Tap
[2026-04-24T21:20:37.892+08:00] waitForNavigation end
[2026-04-24T21:20:37.892+08:00] screenshotBase64 begin
[2026-04-24T21:20:37.940+08:00] screenshotBase64 end, cost: 48ms
[2026-04-24T21:20:43.446+08:00] screenshotBase64 begin
[2026-04-24T21:20:43.487+08:00] screenshotBase64 end, cost: 41ms
[2026-04-24T21:20:45.547+08:00] waitForNavigation begin at moment afterInvokeAction with timeout: 5000 and actionName: Sleep
[2026-04-24T21:20:45.561+08:00] waitForNavigation end
[2026-04-24T21:20:45.561+08:00] screenshotBase64 begin
[2026-04-24T21:20:45.625+08:00] screenshotBase64 end, cost: 64ms
[2026-04-24T21:20:55.543+08:00] screenshotBase64 begin
[2026-04-24T21:20:55.587+08:00] screenshotBase64 end, cost: 44ms
[2026-04-24T21:20:58.157+08:00] waitForNavigation begin at moment afterInvokeAction with timeout: 5000 and actionName: Sleep
[2026-04-24T21:20:58.162+08:00] waitForNavigation end
[2026-04-24T21:20:58.162+08:00] screenshotBase64 begin
[2026-04-24T21:20:58.198+08:00] screenshotBase64 end, cost: 36ms
[2026-04-24T21:21:06.541+08:00] screenshotBase64 begin
[2026-04-24T21:21:06.584+08:00] screenshotBase64 end, cost: 43ms
[2026-04-24T21:21:09.156+08:00] waitForNavigation begin at moment afterInvokeAction with timeout: 5000 and actionName: Sleep
[2026-04-24T21:21:09.160+08:00] waitForNavigation end
[2026-04-24T21:21:09.160+08:00] screenshotBase64 begin
[2026-04-24T21:21:09.198+08:00] screenshotBase64 end, cost: 38ms
[2026-04-24T21:21:21.518+08:00] screenshotBase64 begin
[2026-04-24T21:21:21.565+08:00] screenshotBase64 end, cost: 47ms
[2026-04-24T21:21:52.151+08:00] screenshotBase64 begin
[2026-04-24T21:21:52.205+08:00] screenshotBase64 end, cost: 54ms
[2026-04-24T21:21:56.372+08:00] screenshotBase64 begin
[2026-04-24T21:21:56.417+08:00] screenshotBase64 end, cost: 45ms
[2026-04-24T21:22:00.481+08:00] screenshotBase64 begin
[2026-04-24T21:22:00.529+08:00] screenshotBase64 end, cost: 48ms
[2026-04-24T21:22:00.774+08:00] mouse move to 939, 298
[2026-04-24T21:22:00.775+08:00] mouse click 939, 298, left, 1
[2026-04-24T21:22:01.084+08:00] waitForNavigation begin at moment afterInvokeAction with timeout: 5000 and actionName: Tap
[2026-04-24T21:22:01.089+08:00] waitForNavigation end
[2026-04-24T21:22:01.089+08:00] screenshotBase64 begin
[2026-04-24T21:22:01.148+08:00] screenshotBase64 end, cost: 59ms
[2026-04-24T21:22:03.404+08:00] screenshotBase64 begin
[2026-04-24T21:22:03.455+08:00] screenshotBase64 end, cost: 51ms
[2026-04-24T21:22:03.708+08:00] keyboard type testrole
[2026-04-24T21:22:04.762+08:00] waitForNavigation begin at moment afterInvokeAction with timeout: 5000 and actionName: Input
[2026-04-24T21:22:04.774+08:00] waitForNavigation end
[2026-04-24T21:22:04.775+08:00] screenshotBase64 begin
[2026-04-24T21:22:04.814+08:00] screenshotBase64 end, cost: 39ms
[2026-04-24T21:22:07.093+08:00] screenshotBase64 begin
[2026-04-24T21:22:07.131+08:00] screenshotBase64 end, cost: 38ms
[2026-04-24T21:22:12.443+08:00] screenshotBase64 begin
[2026-04-24T21:22:12.504+08:00] screenshotBase64 end, cost: 61ms
[2026-04-24T21:22:12.744+08:00] mouse move to 938, 374
[2026-04-24T21:22:12.746+08:00] mouse click 938, 374, left, 1
[2026-04-24T21:22:13.053+08:00] waitForNavigation begin at moment afterInvokeAction with timeout: 5000 and actionName: Tap
[2026-04-24T21:22:13.057+08:00] waitForNavigation end
[2026-04-24T21:22:13.057+08:00] screenshotBase64 begin
[2026-04-24T21:22:13.095+08:00] screenshotBase64 end, cost: 38ms
[2026-04-24T21:22:15.321+08:00] screenshotBase64 begin
[2026-04-24T21:22:15.366+08:00] screenshotBase64 end, cost: 45ms
[2026-04-24T21:22:15.621+08:00] keyboard type admin123
[2026-04-24T21:22:16.679+08:00] waitForNavigation begin at moment afterInvokeAction with timeout: 5000 and actionName: Input
[2026-04-24T21:22:16.687+08:00] waitForNavigation end
[2026-04-24T21:22:16.687+08:00] screenshotBase64 begin
[2026-04-24T21:22:16.728+08:00] screenshotBase64 end, cost: 41ms
[2026-04-24T21:22:19.005+08:00] screenshotBase64 begin
[2026-04-24T21:22:19.046+08:00] screenshotBase64 end, cost: 41ms
[2026-04-24T21:22:21.972+08:00] screenshotBase64 begin
[2026-04-24T21:22:22.017+08:00] screenshotBase64 end, cost: 45ms
[2026-04-24T21:22:22.253+08:00] mouse move to 939, 480
[2026-04-24T21:22:22.255+08:00] mouse click 939, 480, left, 1
[2026-04-24T21:22:22.577+08:00] waitForNavigation begin at moment afterInvokeAction with timeout: 5000 and actionName: Tap
[2026-04-24T21:22:22.583+08:00] waitForNavigation end
[2026-04-24T21:22:22.583+08:00] screenshotBase64 begin
[2026-04-24T21:22:22.629+08:00] screenshotBase64 end, cost: 46ms
[2026-04-24T21:22:25.497+08:00] screenshotBase64 begin
[2026-04-24T21:22:25.543+08:00] screenshotBase64 end, cost: 46ms
[2026-04-24T21:22:28.114+08:00] waitForNavigation begin at moment afterInvokeAction with timeout: 5000 and actionName: Sleep
[2026-04-24T21:22:28.120+08:00] waitForNavigation end
[2026-04-24T21:22:28.121+08:00] screenshotBase64 begin
[2026-04-24T21:22:28.166+08:00] screenshotBase64 end, cost: 45ms
[2026-04-24T21:22:33.419+08:00] screenshotBase64 begin
[2026-04-24T21:22:33.462+08:00] screenshotBase64 end, cost: 43ms
[2026-04-24T21:22:37.035+08:00] waitForNavigation begin at moment afterInvokeAction with timeout: 5000 and actionName: Sleep
[2026-04-24T21:22:37.039+08:00] waitForNavigation end
[2026-04-24T21:22:37.039+08:00] screenshotBase64 begin
[2026-04-24T21:22:37.078+08:00] screenshotBase64 end, cost: 39ms
[2026-04-24T21:22:41.952+08:00] screenshotBase64 begin
[2026-04-24T21:22:41.995+08:00] screenshotBase64 end, cost: 43ms
[2026-04-24T21:22:44.554+08:00] waitForNavigation begin at moment afterInvokeAction with timeout: 5000 and actionName: Sleep
[2026-04-24T21:22:44.561+08:00] waitForNavigation end
[2026-04-24T21:22:44.561+08:00] screenshotBase64 begin
[2026-04-24T21:22:44.612+08:00] screenshotBase64 end, cost: 51ms
[2026-04-24T21:22:53.626+08:00] screenshotBase64 begin
[2026-04-24T21:22:53.686+08:00] screenshotBase64 end, cost: 60ms
[2026-04-24T21:22:57.258+08:00] waitForNavigation begin at moment afterInvokeAction with timeout: 5000 and actionName: Sleep
[2026-04-24T21:22:57.267+08:00] waitForNavigation end
[2026-04-24T21:22:57.267+08:00] screenshotBase64 begin
[2026-04-24T21:22:57.313+08:00] screenshotBase64 end, cost: 46ms
[2026-04-24T21:23:02.769+08:00] screenshotBase64 begin
[2026-04-24T21:23:02.811+08:00] screenshotBase64 end, cost: 42ms
[2026-04-24T21:23:05.385+08:00] waitForNavigation begin at moment afterInvokeAction with timeout: 5000 and actionName: Sleep
[2026-04-24T21:23:05.389+08:00] waitForNavigation end
[2026-04-24T21:23:05.389+08:00] screenshotBase64 begin
[2026-04-24T21:23:05.432+08:00] screenshotBase64 end, cost: 43ms
[2026-04-24T21:23:11.300+08:00] screenshotBase64 begin
[2026-04-24T21:23:11.350+08:00] screenshotBase64 end, cost: 50ms
[2026-04-24T21:23:13.928+08:00] waitForNavigation begin at moment afterInvokeAction with timeout: 5000 and actionName: Sleep
[2026-04-24T21:23:13.934+08:00] waitForNavigation end
[2026-04-24T21:23:13.934+08:00] screenshotBase64 begin
[2026-04-24T21:23:13.982+08:00] screenshotBase64 end, cost: 48ms
[2026-04-24T21:23:19.695+08:00] screenshotBase64 begin
[2026-04-24T21:23:19.742+08:00] screenshotBase64 end, cost: 47ms
[2026-04-24T21:23:22.318+08:00] waitForNavigation begin at moment afterInvokeAction with timeout: 5000 and actionName: Sleep
[2026-04-24T21:23:22.322+08:00] waitForNavigation end
[2026-04-24T21:23:22.323+08:00] screenshotBase64 begin
[2026-04-24T21:23:22.369+08:00] screenshotBase64 end, cost: 46ms
[2026-04-24T21:23:38.433+08:00] screenshotBase64 begin
[2026-04-24T21:23:38.480+08:00] screenshotBase64 end, cost: 47ms
[2026-04-24T21:23:41.050+08:00] waitForNavigation begin at moment afterInvokeAction with timeout: 5000 and actionName: Sleep
[2026-04-24T21:23:41.054+08:00] waitForNavigation end
[2026-04-24T21:23:41.054+08:00] screenshotBase64 begin
[2026-04-24T21:23:41.094+08:00] screenshotBase64 end, cost: 40ms
[2026-04-24T21:23:46.520+08:00] screenshotBase64 begin
[2026-04-24T21:23:46.561+08:00] screenshotBase64 end, cost: 41ms
[2026-04-24T21:23:49.133+08:00] waitForNavigation begin at moment afterInvokeAction with timeout: 5000 and actionName: Sleep
[2026-04-24T21:23:49.139+08:00] waitForNavigation end
[2026-04-24T21:23:49.139+08:00] screenshotBase64 begin
[2026-04-24T21:23:49.179+08:00] screenshotBase64 end, cost: 40ms
[2026-04-24T21:23:56.164+08:00] screenshotBase64 begin
[2026-04-24T21:23:56.218+08:00] screenshotBase64 end, cost: 54ms
[2026-04-24T21:23:58.793+08:00] waitForNavigation begin at moment afterInvokeAction with timeout: 5000 and actionName: Sleep
[2026-04-24T21:23:58.800+08:00] waitForNavigation end
[2026-04-24T21:23:58.800+08:00] screenshotBase64 begin
[2026-04-24T21:23:58.843+08:00] screenshotBase64 end, cost: 43ms
[2026-04-24T21:24:05.241+08:00] screenshotBase64 begin
[2026-04-24T21:24:05.294+08:00] screenshotBase64 end, cost: 53ms
[2026-04-24T21:24:07.884+08:00] waitForNavigation begin at moment afterInvokeAction with timeout: 5000 and actionName: Sleep
[2026-04-24T21:24:07.891+08:00] waitForNavigation end
[2026-04-24T21:24:07.891+08:00] screenshotBase64 begin
[2026-04-24T21:24:07.949+08:00] screenshotBase64 end, cost: 58ms
[2026-04-24T21:24:15.147+08:00] screenshotBase64 begin
[2026-04-24T21:24:15.196+08:00] screenshotBase64 end, cost: 49ms
[2026-04-24T21:24:17.775+08:00] waitForNavigation begin at moment afterInvokeAction with timeout: 5000 and actionName: Sleep
[2026-04-24T21:24:17.784+08:00] waitForNavigation end
[2026-04-24T21:24:17.785+08:00] screenshotBase64 begin
[2026-04-24T21:24:17.830+08:00] screenshotBase64 end, cost: 45ms
[2026-04-24T21:24:22.313+08:00] screenshotBase64 begin
[2026-04-24T21:24:22.367+08:00] screenshotBase64 end, cost: 54ms
[2026-04-24T21:24:24.970+08:00] waitForNavigation begin at moment afterInvokeAction with timeout: 5000 and actionName: Sleep
[2026-04-24T21:24:24.976+08:00] waitForNavigation end
[2026-04-24T21:24:24.976+08:00] screenshotBase64 begin
[2026-04-24T21:24:25.043+08:00] screenshotBase64 end, cost: 67ms
[2026-04-24T21:24:30.455+08:00] screenshotBase64 begin
[2026-04-24T21:24:30.496+08:00] screenshotBase64 end, cost: 41ms
[2026-04-24T21:24:33.081+08:00] waitForNavigation begin at moment afterInvokeAction with timeout: 5000 and actionName: Sleep
[2026-04-24T21:24:33.088+08:00] waitForNavigation end
[2026-04-24T21:24:33.089+08:00] screenshotBase64 begin
[2026-04-24T21:24:33.128+08:00] screenshotBase64 end, cost: 39ms
[2026-04-24T21:24:39.140+08:00] screenshotBase64 begin
[2026-04-24T21:24:39.195+08:00] screenshotBase64 end, cost: 55ms
[2026-04-24T21:24:41.782+08:00] waitForNavigation begin at moment afterInvokeAction with timeout: 5000 and actionName: Sleep
[2026-04-24T21:24:41.787+08:00] waitForNavigation end
[2026-04-24T21:24:41.788+08:00] screenshotBase64 begin
[2026-04-24T21:24:41.823+08:00] screenshotBase64 end, cost: 35ms
[2026-04-24T21:24:55.659+08:00] screenshotBase64 begin
[2026-04-24T21:24:55.706+08:00] screenshotBase64 end, cost: 47ms
[2026-04-24T21:43:04.145+08:00] evaluate function begin
[2026-04-24T21:43:04.155+08:00] evaluate function end
[2026-04-24T21:43:04.155+08:00] screenshotBase64 begin
[2026-04-24T21:43:04.276+08:00] screenshotBase64 end, cost: 121ms
[2026-04-24T21:43:07.908+08:00] screenshotBase64 begin
[2026-04-24T21:43:07.963+08:00] screenshotBase64 end, cost: 55ms
[2026-04-24T21:43:11.928+08:00] screenshotBase64 begin
[2026-04-24T21:43:11.980+08:00] screenshotBase64 end, cost: 52ms
[2026-04-24T21:43:12.234+08:00] mouse move to 939, 299
[2026-04-24T21:43:12.237+08:00] mouse click 939, 299, left, 1
[2026-04-24T21:43:12.555+08:00] waitForNavigation begin at moment afterInvokeAction with timeout: 5000 and actionName: Tap
[2026-04-24T21:43:12.590+08:00] waitForNavigation end
[2026-04-24T21:43:12.590+08:00] screenshotBase64 begin
[2026-04-24T21:43:12.672+08:00] screenshotBase64 end, cost: 82ms
[2026-04-24T21:43:15.939+08:00] screenshotBase64 begin
[2026-04-24T21:43:15.987+08:00] screenshotBase64 end, cost: 48ms
[2026-04-24T21:43:16.235+08:00] keyboard type testrole
[2026-04-24T21:43:17.293+08:00] waitForNavigation begin at moment afterInvokeAction with timeout: 5000 and actionName: Input
[2026-04-24T21:43:17.303+08:00] waitForNavigation end
[2026-04-24T21:43:17.303+08:00] screenshotBase64 begin
[2026-04-24T21:43:17.364+08:00] screenshotBase64 end, cost: 61ms
[2026-04-24T21:43:21.652+08:00] screenshotBase64 begin
[2026-04-24T21:43:21.714+08:00] screenshotBase64 end, cost: 62ms
[2026-04-24T21:43:41.074+08:00] screenshotBase64 begin
[2026-04-24T21:43:41.133+08:00] screenshotBase64 end, cost: 59ms
[2026-04-24T21:43:44.488+08:00] screenshotBase64 begin
[2026-04-24T21:43:44.553+08:00] screenshotBase64 end, cost: 65ms
[2026-04-24T21:43:48.813+08:00] screenshotBase64 begin
[2026-04-24T21:43:48.863+08:00] screenshotBase64 end, cost: 50ms
[2026-04-24T21:43:49.109+08:00] clearInput begin
[2026-04-24T21:43:49.109+08:00] mouse move to 939, 373
[2026-04-24T21:43:49.112+08:00] mouse click 939, 373, left, 1
[2026-04-24T21:43:49.233+08:00] keyboard press [ { key: 'Backspace' } ]
[2026-04-24T21:43:49.238+08:00] clearInput end
[2026-04-24T21:43:49.238+08:00] keyboard type admin123
[2026-04-24T21:43:50.288+08:00] waitForNavigation begin at moment afterInvokeAction with timeout: 5000 and actionName: Input
[2026-04-24T21:43:50.293+08:00] waitForNavigation end
[2026-04-24T21:43:50.293+08:00] screenshotBase64 begin
[2026-04-24T21:43:50.350+08:00] screenshotBase64 end, cost: 57ms
[2026-04-24T21:43:56.488+08:00] screenshotBase64 begin
[2026-04-24T21:43:56.547+08:00] screenshotBase64 end, cost: 59ms
[2026-04-24T21:44:23.195+08:00] screenshotBase64 begin
[2026-04-24T21:44:23.249+08:00] screenshotBase64 end, cost: 54ms
[2026-04-24T21:44:26.717+08:00] screenshotBase64 begin
[2026-04-24T21:44:26.785+08:00] screenshotBase64 end, cost: 68ms
[2026-04-24T21:44:32.006+08:00] screenshotBase64 begin
[2026-04-24T21:44:32.061+08:00] screenshotBase64 end, cost: 55ms
[2026-04-24T21:44:32.310+08:00] mouse move to 797, 548
[2026-04-24T21:44:32.312+08:00] mouse click 797, 548, left, 1
[2026-04-24T21:44:32.621+08:00] waitForNavigation begin at moment afterInvokeAction with timeout: 5000 and actionName: Tap
[2026-04-24T21:44:32.627+08:00] waitForNavigation end
[2026-04-24T21:44:32.628+08:00] screenshotBase64 begin
[2026-04-24T21:44:32.683+08:00] screenshotBase64 end, cost: 55ms
[2026-04-24T21:44:40.665+08:00] screenshotBase64 begin
[2026-04-24T21:44:40.718+08:00] screenshotBase64 end, cost: 53ms
[2026-04-24T21:44:46.901+08:00] screenshotBase64 begin
[2026-04-24T21:44:46.968+08:00] screenshotBase64 end, cost: 67ms
[2026-04-24T21:44:47.199+08:00] mouse move to 797, 548
[2026-04-24T21:44:47.201+08:00] mouse click 797, 548, left, 1
[2026-04-24T21:44:47.511+08:00] waitForNavigation begin at moment afterInvokeAction with timeout: 5000 and actionName: Tap
[2026-04-24T21:44:47.517+08:00] waitForNavigation end
[2026-04-24T21:44:47.517+08:00] screenshotBase64 begin
[2026-04-24T21:44:47.570+08:00] screenshotBase64 end, cost: 53ms
[2026-04-24T21:44:54.907+08:00] screenshotBase64 begin
[2026-04-24T21:44:54.964+08:00] screenshotBase64 end, cost: 57ms
[2026-04-24T21:54:10.864+08:00] evaluate function begin
[2026-04-24T21:54:10.872+08:00] evaluate function end
[2026-04-24T21:54:10.872+08:00] screenshotBase64 begin
[2026-04-24T21:54:11.001+08:00] screenshotBase64 end, cost: 129ms
[2026-04-24T21:54:15.602+08:00] screenshotBase64 begin
[2026-04-24T21:54:15.664+08:00] screenshotBase64 end, cost: 62ms
[2026-04-24T21:54:19.830+08:00] screenshotBase64 begin
[2026-04-24T21:54:19.891+08:00] screenshotBase64 end, cost: 61ms
[2026-04-24T21:54:20.140+08:00] clearInput begin
[2026-04-24T21:54:20.140+08:00] mouse move to 938, 299
[2026-04-24T21:54:20.144+08:00] mouse click 938, 299, left, 1
[2026-04-24T21:54:20.262+08:00] keyboard press [ { key: 'Backspace' } ]
[2026-04-24T21:54:20.265+08:00] clearInput end
[2026-04-24T21:54:20.265+08:00] keyboard type testrole
[2026-04-24T21:54:21.319+08:00] waitForNavigation begin at moment afterInvokeAction with timeout: 5000 and actionName: Input
[2026-04-24T21:54:21.350+08:00] waitForNavigation end
[2026-04-24T21:54:21.350+08:00] screenshotBase64 begin
[2026-04-24T21:54:21.431+08:00] screenshotBase64 end, cost: 81ms
[2026-04-24T21:54:25.261+08:00] screenshotBase64 begin
[2026-04-24T21:54:25.321+08:00] screenshotBase64 end, cost: 60ms
[2026-04-24T21:54:34.712+08:00] screenshotBase64 begin
[2026-04-24T21:54:34.768+08:00] screenshotBase64 end, cost: 56ms
[2026-04-24T21:54:38.098+08:00] screenshotBase64 begin
[2026-04-24T21:54:38.154+08:00] screenshotBase64 end, cost: 56ms
[2026-04-24T21:54:41.494+08:00] screenshotBase64 begin
[2026-04-24T21:54:41.565+08:00] screenshotBase64 end, cost: 71ms
[2026-04-24T21:54:41.813+08:00] clearInput begin
[2026-04-24T21:54:41.813+08:00] mouse move to 938, 373
[2026-04-24T21:54:41.814+08:00] mouse click 938, 373, left, 1
[2026-04-24T21:54:41.937+08:00] keyboard press [ { key: 'Backspace' } ]
[2026-04-24T21:54:41.942+08:00] clearInput end
[2026-04-24T21:54:41.943+08:00] keyboard type admin123
[2026-04-24T21:54:42.992+08:00] waitForNavigation begin at moment afterInvokeAction with timeout: 5000 and actionName: Input
[2026-04-24T21:54:42.997+08:00] waitForNavigation end
[2026-04-24T21:54:42.997+08:00] screenshotBase64 begin
[2026-04-24T21:54:43.053+08:00] screenshotBase64 end, cost: 56ms
[2026-04-24T21:54:49.300+08:00] screenshotBase64 begin
[2026-04-24T21:54:49.355+08:00] screenshotBase64 end, cost: 55ms
[2026-04-24T21:55:23.724+08:00] screenshotBase64 begin
[2026-04-24T21:55:23.792+08:00] screenshotBase64 end, cost: 68ms
[2026-04-24T21:55:29.047+08:00] screenshotBase64 begin
[2026-04-24T21:55:29.105+08:00] screenshotBase64 end, cost: 58ms
[2026-04-24T21:55:33.059+08:00] screenshotBase64 begin
[2026-04-24T21:55:33.125+08:00] screenshotBase64 end, cost: 66ms
[2026-04-24T21:55:33.368+08:00] mouse move to 798, 548
[2026-04-24T21:55:33.378+08:00] mouse click 798, 548, left, 1
[2026-04-24T21:55:33.693+08:00] waitForNavigation begin at moment afterInvokeAction with timeout: 5000 and actionName: Tap
[2026-04-24T21:55:33.699+08:00] waitForNavigation end
[2026-04-24T21:55:33.699+08:00] screenshotBase64 begin
[2026-04-24T21:55:33.756+08:00] screenshotBase64 end, cost: 57ms
[2026-04-24T21:55:37.846+08:00] screenshotBase64 begin
[2026-04-24T21:55:37.908+08:00] screenshotBase64 end, cost: 62ms
[2026-04-24T21:55:56.168+08:00] screenshotBase64 begin
[2026-04-24T21:55:56.223+08:00] screenshotBase64 end, cost: 55ms
[2026-04-24T21:55:58.573+08:00] screenshotBase64 begin
[2026-04-24T21:55:58.627+08:00] screenshotBase64 end, cost: 54ms
[2026-04-24T21:56:01.759+08:00] screenshotBase64 begin
[2026-04-24T21:56:01.825+08:00] screenshotBase64 end, cost: 66ms
[2026-04-24T21:56:02.075+08:00] mouse move to 939, 480
[2026-04-24T21:56:02.077+08:00] mouse click 939, 480, left, 1
[2026-04-24T21:56:02.399+08:00] waitForNavigation begin at moment afterInvokeAction with timeout: 5000 and actionName: Tap
[2026-04-24T21:56:02.409+08:00] waitForNavigation end
[2026-04-24T21:56:02.409+08:00] screenshotBase64 begin
[2026-04-24T21:56:02.478+08:00] screenshotBase64 end, cost: 69ms
[2026-04-24T21:56:08.698+08:00] screenshotBase64 begin
[2026-04-24T21:56:08.851+08:00] screenshotBase64 end, cost: 153ms
[2026-04-24T21:56:25.210+08:00] screenshotBase64 begin
[2026-04-24T21:56:25.270+08:00] screenshotBase64 end, cost: 60ms
[2026-04-24T21:56:32.976+08:00] screenshotBase64 begin
[2026-04-24T21:56:33.024+08:00] screenshotBase64 end, cost: 48ms
[2026-04-24T22:30:30.416+08:00] evaluate function begin
[2026-04-24T22:30:30.444+08:00] evaluate function end
[2026-04-24T22:30:30.444+08:00] screenshotBase64 begin
[2026-04-24T22:30:30.509+08:00] screenshotBase64 end, cost: 65ms
[2026-04-24T22:30:36.117+08:00] screenshotBase64 begin
[2026-04-24T22:30:36.175+08:00] screenshotBase64 end, cost: 58ms
[2026-04-24T22:30:40.397+08:00] screenshotBase64 begin
[2026-04-24T22:30:40.455+08:00] screenshotBase64 end, cost: 58ms
[2026-04-24T22:30:40.697+08:00] clearInput begin
[2026-04-24T22:30:40.697+08:00] mouse move to 939, 299
[2026-04-24T22:30:40.705+08:00] mouse click 939, 299, left, 1
[2026-04-24T22:30:40.823+08:00] keyboard press [ { key: 'Backspace' } ]
[2026-04-24T22:30:40.827+08:00] clearInput end
[2026-04-24T22:30:40.827+08:00] keyboard type testrole
[2026-04-24T22:30:41.878+08:00] waitForNavigation begin at moment afterInvokeAction with timeout: 5000 and actionName: Input
[2026-04-24T22:30:41.911+08:00] waitForNavigation end
[2026-04-24T22:30:41.912+08:00] screenshotBase64 begin
[2026-04-24T22:30:41.973+08:00] screenshotBase64 end, cost: 61ms
[2026-04-24T22:30:46.646+08:00] screenshotBase64 begin
[2026-04-24T22:30:46.684+08:00] screenshotBase64 end, cost: 38ms
[2026-04-24T22:30:50.907+08:00] screenshotBase64 begin
[2026-04-24T22:30:50.951+08:00] screenshotBase64 end, cost: 44ms
[2026-04-24T22:30:51.202+08:00] clearInput begin
[2026-04-24T22:30:51.202+08:00] mouse move to 939, 374
[2026-04-24T22:30:51.207+08:00] mouse click 939, 374, left, 1
[2026-04-24T22:30:51.325+08:00] keyboard press [ { key: 'Backspace' } ]
[2026-04-24T22:30:51.327+08:00] clearInput end
[2026-04-24T22:30:51.327+08:00] keyboard type admin123
[2026-04-24T22:30:52.384+08:00] waitForNavigation begin at moment afterInvokeAction with timeout: 5000 and actionName: Input
[2026-04-24T22:30:52.393+08:00] waitForNavigation end
[2026-04-24T22:30:52.394+08:00] screenshotBase64 begin
[2026-04-24T22:30:52.436+08:00] screenshotBase64 end, cost: 42ms
[2026-04-24T22:30:55.448+08:00] screenshotBase64 begin
[2026-04-24T22:30:55.498+08:00] screenshotBase64 end, cost: 50ms
[2026-04-24T22:30:59.411+08:00] screenshotBase64 begin
[2026-04-24T22:30:59.455+08:00] screenshotBase64 end, cost: 44ms
[2026-04-24T22:30:59.702+08:00] mouse move to 939, 480
[2026-04-24T22:30:59.707+08:00] mouse click 939, 480, left, 1
[2026-04-24T22:31:00.042+08:00] waitForNavigation begin at moment afterInvokeAction with timeout: 5000 and actionName: Tap
[2026-04-24T22:31:00.048+08:00] waitForNavigation end
[2026-04-24T22:31:00.049+08:00] screenshotBase64 begin
[2026-04-24T22:31:00.106+08:00] screenshotBase64 end, cost: 57ms
[2026-04-24T22:31:03.988+08:00] screenshotBase64 begin
[2026-04-24T22:31:04.054+08:00] screenshotBase64 end, cost: 66ms
[2026-04-24T22:39:44.286+08:00] evaluate function begin
[2026-04-24T22:39:44.305+08:00] evaluate function end
[2026-04-24T22:39:44.306+08:00] screenshotBase64 begin
[2026-04-24T22:39:44.428+08:00] screenshotBase64 end, cost: 122ms
[2026-04-24T22:39:52.478+08:00] screenshotBase64 begin
[2026-04-24T22:39:52.530+08:00] screenshotBase64 end, cost: 52ms
[2026-04-24T22:39:56.813+08:00] screenshotBase64 begin
[2026-04-24T22:39:56.859+08:00] screenshotBase64 end, cost: 46ms
[2026-04-24T22:39:57.104+08:00] clearInput begin
[2026-04-24T22:39:57.104+08:00] mouse move to 939, 299
[2026-04-24T22:39:57.109+08:00] mouse click 939, 299, left, 1
[2026-04-24T22:39:57.227+08:00] keyboard press [ { key: 'Backspace' } ]
[2026-04-24T22:39:57.230+08:00] clearInput end
[2026-04-24T22:39:57.230+08:00] keyboard type testrole
[2026-04-24T22:39:58.286+08:00] waitForNavigation begin at moment afterInvokeAction with timeout: 5000 and actionName: Input
[2026-04-24T22:39:58.314+08:00] waitForNavigation end
[2026-04-24T22:39:58.314+08:00] screenshotBase64 begin
[2026-04-24T22:39:58.378+08:00] screenshotBase64 end, cost: 64ms
[2026-04-24T22:40:01.838+08:00] screenshotBase64 begin
[2026-04-24T22:40:01.898+08:00] screenshotBase64 end, cost: 60ms
[2026-04-24T22:40:05.754+08:00] screenshotBase64 begin
[2026-04-24T22:40:05.817+08:00] screenshotBase64 end, cost: 63ms
[2026-04-24T22:40:06.054+08:00] clearInput begin
[2026-04-24T22:40:06.054+08:00] mouse move to 939, 373
[2026-04-24T22:40:06.055+08:00] mouse click 939, 373, left, 1
[2026-04-24T22:40:06.177+08:00] keyboard press [ { key: 'Backspace' } ]
[2026-04-24T22:40:06.181+08:00] clearInput end
[2026-04-24T22:40:06.181+08:00] keyboard type admin123
[2026-04-24T22:40:07.232+08:00] waitForNavigation begin at moment afterInvokeAction with timeout: 5000 and actionName: Input
[2026-04-24T22:40:07.240+08:00] waitForNavigation end
[2026-04-24T22:40:07.240+08:00] screenshotBase64 begin
[2026-04-24T22:40:07.295+08:00] screenshotBase64 end, cost: 55ms
[2026-04-24T22:40:10.339+08:00] screenshotBase64 begin
[2026-04-24T22:40:10.399+08:00] screenshotBase64 end, cost: 60ms
[2026-04-24T22:40:15.181+08:00] screenshotBase64 begin
[2026-04-24T22:40:15.230+08:00] screenshotBase64 end, cost: 49ms
[2026-04-24T22:40:15.479+08:00] mouse move to 939, 480
[2026-04-24T22:40:15.481+08:00] mouse click 939, 480, left, 1
[2026-04-24T22:40:15.804+08:00] waitForNavigation begin at moment afterInvokeAction with timeout: 5000 and actionName: Tap
[2026-04-24T22:40:15.810+08:00] waitForNavigation end
[2026-04-24T22:40:15.810+08:00] screenshotBase64 begin
[2026-04-24T22:40:15.865+08:00] screenshotBase64 end, cost: 55ms
[2026-04-24T22:40:20.410+08:00] screenshotBase64 begin
[2026-04-24T22:40:20.459+08:00] screenshotBase64 end, cost: 49ms
[2026-04-24T22:40:25.378+08:00] screenshotBase64 begin
[2026-04-24T22:40:25.433+08:00] screenshotBase64 end, cost: 55ms
[2026-04-24T22:40:25.676+08:00] mouse move to 797, 548
[2026-04-24T22:40:25.678+08:00] mouse click 797, 548, left, 1
[2026-04-24T22:40:25.985+08:00] waitForNavigation begin at moment afterInvokeAction with timeout: 5000 and actionName: Tap
[2026-04-24T22:40:25.998+08:00] waitForNavigation end
[2026-04-24T22:40:25.998+08:00] screenshotBase64 begin
[2026-04-24T22:40:26.063+08:00] screenshotBase64 end, cost: 65ms
[2026-04-24T22:40:30.664+08:00] screenshotBase64 begin
[2026-04-24T22:40:30.711+08:00] screenshotBase64 end, cost: 47ms
[2026-04-24T22:40:49.583+08:00] evaluate function begin
[2026-04-24T22:40:49.602+08:00] evaluate function end
[2026-04-24T22:40:49.602+08:00] screenshotBase64 begin
[2026-04-24T22:40:49.727+08:00] screenshotBase64 end, cost: 125ms
[2026-04-24T22:40:54.360+08:00] screenshotBase64 begin
[2026-04-24T22:40:54.428+08:00] screenshotBase64 end, cost: 68ms
[2026-04-24T22:40:58.648+08:00] screenshotBase64 begin
[2026-04-24T22:40:58.696+08:00] screenshotBase64 end, cost: 48ms
[2026-04-24T22:40:58.929+08:00] clearInput begin
[2026-04-24T22:40:58.929+08:00] mouse move to 939, 299
[2026-04-24T22:40:58.934+08:00] mouse click 939, 299, left, 1
[2026-04-24T22:40:59.055+08:00] keyboard press [ { key: 'Backspace' } ]
[2026-04-24T22:40:59.059+08:00] clearInput end
[2026-04-24T22:40:59.060+08:00] keyboard type testrole
[2026-04-24T22:41:00.112+08:00] waitForNavigation begin at moment afterInvokeAction with timeout: 5000 and actionName: Input
[2026-04-24T22:41:00.139+08:00] waitForNavigation end
[2026-04-24T22:41:00.140+08:00] screenshotBase64 begin
[2026-04-24T22:41:00.204+08:00] screenshotBase64 end, cost: 64ms
[2026-04-24T22:41:04.183+08:00] screenshotBase64 begin
[2026-04-24T22:41:04.233+08:00] screenshotBase64 end, cost: 50ms
[2026-04-24T22:41:08.930+08:00] screenshotBase64 begin
[2026-04-24T22:41:08.987+08:00] screenshotBase64 end, cost: 57ms
[2026-04-24T22:41:09.221+08:00] clearInput begin
[2026-04-24T22:41:09.221+08:00] mouse move to 939, 374
[2026-04-24T22:41:09.223+08:00] mouse click 939, 374, left, 1
[2026-04-24T22:41:09.344+08:00] keyboard press [ { key: 'Backspace' } ]
[2026-04-24T22:41:09.347+08:00] clearInput end
[2026-04-24T22:41:09.347+08:00] keyboard type admin123
[2026-04-24T22:41:10.400+08:00] waitForNavigation begin at moment afterInvokeAction with timeout: 5000 and actionName: Input
[2026-04-24T22:41:10.406+08:00] waitForNavigation end
[2026-04-24T22:41:10.406+08:00] screenshotBase64 begin
[2026-04-24T22:41:10.471+08:00] screenshotBase64 end, cost: 65ms
[2026-04-24T22:41:13.676+08:00] screenshotBase64 begin
[2026-04-24T22:41:13.738+08:00] screenshotBase64 end, cost: 62ms
[2026-04-24T22:41:17.156+08:00] screenshotBase64 begin
[2026-04-24T22:41:17.220+08:00] screenshotBase64 end, cost: 64ms
[2026-04-24T22:41:17.455+08:00] mouse move to 797, 548
[2026-04-24T22:41:17.458+08:00] mouse click 797, 548, left, 1
[2026-04-24T22:41:17.766+08:00] waitForNavigation begin at moment afterInvokeAction with timeout: 5000 and actionName: Tap
[2026-04-24T22:41:17.771+08:00] waitForNavigation end
[2026-04-24T22:41:17.771+08:00] screenshotBase64 begin
[2026-04-24T22:41:17.841+08:00] screenshotBase64 end, cost: 70ms
[2026-04-24T22:41:20.865+08:00] screenshotBase64 begin
[2026-04-24T22:41:20.922+08:00] screenshotBase64 end, cost: 57ms
[2026-04-24T22:41:35.717+08:00] screenshotBase64 begin
[2026-04-24T22:41:35.769+08:00] screenshotBase64 end, cost: 52ms
[2026-04-24T22:41:36.017+08:00] mouse move to 939, 480
[2026-04-24T22:41:36.019+08:00] mouse click 939, 480, left, 1
[2026-04-24T22:41:36.344+08:00] waitForNavigation begin at moment afterInvokeAction with timeout: 5000 and actionName: Tap
[2026-04-24T22:41:36.350+08:00] waitForNavigation end
[2026-04-24T22:41:36.350+08:00] screenshotBase64 begin
[2026-04-24T22:41:36.406+08:00] screenshotBase64 end, cost: 56ms
[2026-04-24T22:41:40.901+08:00] screenshotBase64 begin
[2026-04-24T22:41:41.005+08:00] screenshotBase64 end, cost: 104ms
[2026-04-24T23:07:13.973+08:00] evaluate function begin
[2026-04-24T23:07:13.975+08:00] evaluate function end
[2026-04-24T23:07:13.975+08:00] screenshotBase64 begin
[2026-04-24T23:07:14.256+08:00] screenshotBase64 end, cost: 281ms
[2026-04-24T23:07:23.109+08:00] screenshotBase64 begin
[2026-04-24T23:07:23.222+08:00] screenshotBase64 end, cost: 113ms
[2026-04-24T23:07:23.610+08:00] keyboard type 你好，页面已加载
[2026-04-24T23:07:24.669+08:00] waitForNavigation begin at moment afterInvokeAction with timeout: 5000 and actionName: Input
[2026-04-24T23:07:24.671+08:00] waitForNetworkIdle begin at moment afterInvokeAction with timeout: 2000 and concurrency: 2 and actionName: Input
[2026-04-24T23:07:24.686+08:00] waitForNavigation end
[2026-04-24T23:07:24.887+08:00] waitForNetworkIdle end
[2026-04-24T23:07:24.887+08:00] screenshotBase64 begin
[2026-04-24T23:07:25.018+08:00] screenshotBase64 end, cost: 131ms
[2026-04-24T23:07:30.895+08:00] screenshotBase64 begin
[2026-04-24T23:07:31.025+08:00] screenshotBase64 end, cost: 130ms
